{"C:\\Users\\visha\\OneDrive\\Desktop\\Frontend Development 2024\\Image Finder\\tailwind.config.js": {"path":"C:\\Users\\visha\\OneDrive\\Desktop\\Frontend Development 2024\\Image Finder\\tailwind.config.js","all":true,"statementMap":{"0":{"start":{"line":1,"column":0},"end":{"line":1,"column":43}},"1":{"start":{"line":2,"column":0},"end":{"line":2,"column":18}},"2":{"start":{"line":3,"column":0},"end":{"line":3,"column":42}},"3":{"start":{"line":4,"column":0},"end":{"line":4,"column":10}},"4":{"start":{"line":5,"column":0},"end":{"line":5,"column":15}},"5":{"start":{"line":6,"column":0},"end":{"line":6,"column":4}},"6":{"start":{"line":7,"column":0},"end":{"line":7,"column":14}},"7":{"start":{"line":8,"column":0},"end":{"line":8,"column":2}}},"s":{"0":0,"1":0,"2":0,"3":0,"4":0,"5":0,"6":0,"7":0},"branchMap":{"0":{"type":"branch","line":1,"loc":{"start":{"line":1,"column":155},"end":{"line":8,"column":2}},"locations":[{"start":{"line":1,"column":155},"end":{"line":8,"column":2}}]}},"b":{"0":[0]},"fnMap":{"0":{"name":"(empty-report)","decl":{"start":{"line":1,"column":155},"end":{"line":8,"column":2}},"loc":{"start":{"line":1,"column":155},"end":{"line":8,"column":2}},"line":1}},"f":{"0":0}}
,"C:\\Users\\visha\\OneDrive\\Desktop\\Frontend Development 2024\\Image Finder\\src\\App.jsx": {"path":"C:\\Users\\visha\\OneDrive\\Desktop\\Frontend Development 2024\\Image Finder\\src\\App.jsx","all":false,"statementMap":{"0":{"start":{"line":1,"column":0},"end":{"line":1,"column":19}},"1":{"start":{"line":2,"column":0},"end":{"line":2,"column":57}},"2":{"start":{"line":3,"column":0},"end":{"line":3,"column":55}},"3":{"start":{"line":4,"column":0},"end":{"line":4,"column":41}},"4":{"start":{"line":5,"column":0},"end":{"line":5,"column":53}},"5":{"start":{"line":6,"column":0},"end":{"line":6,"column":57}},"6":{"start":{"line":7,"column":0},"end":{"line":7,"column":0}},"7":{"start":{"line":8,"column":0},"end":{"line":8,"column":31}},"8":{"start":{"line":9,"column":0},"end":{"line":9,"column":25}},"9":{"start":{"line":10,"column":0},"end":{"line":10,"column":21}},"10":{"start":{"line":11,"column":0},"end":{"line":11,"column":23}},"11":{"start":{"line":12,"column":0},"end":{"line":12,"column":23}},"12":{"start":{"line":13,"column":0},"end":{"line":13,"column":4}},"13":{"start":{"line":14,"column":0},"end":{"line":14,"column":0}},"14":{"start":{"line":15,"column":0},"end":{"line":15,"column":10}},"15":{"start":{"line":16,"column":0},"end":{"line":16,"column":73}},"16":{"start":{"line":17,"column":0},"end":{"line":17,"column":16}},"17":{"start":{"line":18,"column":0},"end":{"line":18,"column":64}},"18":{"start":{"line":19,"column":0},"end":{"line":19,"column":55}},"19":{"start":{"line":20,"column":0},"end":{"line":20,"column":12}},"20":{"start":{"line":21,"column":0},"end":{"line":21,"column":10}},"21":{"start":{"line":22,"column":0},"end":{"line":22,"column":4}},"22":{"start":{"line":23,"column":0},"end":{"line":23,"column":1}}},"s":{"0":1,"1":1,"2":1,"3":1,"4":1,"5":1,"6":1,"7":1,"8":1,"9":1,"10":1,"11":1,"12":1,"13":1,"14":1,"15":1,"16":1,"17":1,"18":1,"19":1,"20":1,"21":1,"22":1},"branchMap":{"0":{"type":"branch","line":8,"loc":{"start":{"line":8,"column":0},"end":{"line":23,"column":1}},"locations":[{"start":{"line":8,"column":0},"end":{"line":23,"column":1}}]}},"b":{"0":[1]},"fnMap":{"0":{"name":"App","decl":{"start":{"line":8,"column":0},"end":{"line":23,"column":1}},"loc":{"start":{"line":8,"column":0},"end":{"line":23,"column":1}},"line":8}},"f":{"0":1}}
,"C:\\Users\\visha\\OneDrive\\Desktop\\Frontend Development 2024\\Image Finder\\src\\main.jsx": {"path":"C:\\Users\\visha\\OneDrive\\Desktop\\Frontend Development 2024\\Image Finder\\src\\main.jsx","all":true,"statementMap":{"0":{"start":{"line":1,"column":0},"end":{"line":1,"column":26}},"1":{"start":{"line":2,"column":0},"end":{"line":2,"column":40}},"2":{"start":{"line":3,"column":0},"end":{"line":3,"column":28}},"3":{"start":{"line":4,"column":0},"end":{"line":4,"column":21}},"4":{"start":{"line":5,"column":0},"end":{"line":5,"column":39}},"5":{"start":{"line":6,"column":0},"end":{"line":6,"column":37}},"6":{"start":{"line":7,"column":0},"end":{"line":7,"column":0}},"7":{"start":{"line":8,"column":0},"end":{"line":8,"column":60}},"8":{"start":{"line":9,"column":0},"end":{"line":9,"column":20}},"9":{"start":{"line":10,"column":0},"end":{"line":10,"column":28}},"10":{"start":{"line":11,"column":0},"end":{"line":11,"column":13}},"11":{"start":{"line":12,"column":0},"end":{"line":12,"column":15}},"12":{"start":{"line":13,"column":0},"end":{"line":13,"column":21}},"13":{"start":{"line":14,"column":0},"end":{"line":14,"column":2}}},"s":{"0":0,"1":0,"2":0,"3":0,"4":0,"5":0,"6":0,"7":0,"8":0,"9":0,"10":0,"11":0,"12":0,"13":0},"branchMap":{"0":{"type":"branch","line":1,"loc":{"start":{"line":1,"column":376},"end":{"line":14,"column":2}},"locations":[{"start":{"line":1,"column":376},"end":{"line":14,"column":2}}]}},"b":{"0":[0]},"fnMap":{"0":{"name":"(empty-report)","decl":{"start":{"line":1,"column":376},"end":{"line":14,"column":2}},"loc":{"start":{"line":1,"column":376},"end":{"line":14,"column":2}},"line":1}},"f":{"0":0}}
,"C:\\Users\\visha\\OneDrive\\Desktop\\Frontend Development 2024\\Image Finder\\src\\components\\ImageDiscovery.jsx": {"path":"C:\\Users\\visha\\OneDrive\\Desktop\\Frontend Development 2024\\Image Finder\\src\\components\\ImageDiscovery.jsx","all":false,"statementMap":{"0":{"start":{"line":1,"column":0},"end":{"line":1,"column":54}},"1":{"start":{"line":2,"column":0},"end":{"line":2,"column":63}},"2":{"start":{"line":3,"column":0},"end":{"line":3,"column":55}},"3":{"start":{"line":4,"column":0},"end":{"line":4,"column":41}},"4":{"start":{"line":5,"column":0},"end":{"line":5,"column":69}},"5":{"start":{"line":6,"column":0},"end":{"line":6,"column":0}},"6":{"start":{"line":7,"column":0},"end":{"line":7,"column":44}},"7":{"start":{"line":8,"column":0},"end":{"line":8,"column":33}},"8":{"start":{"line":9,"column":0},"end":{"line":9,"column":66}},"9":{"start":{"line":10,"column":0},"end":{"line":10,"column":78}},"10":{"start":{"line":11,"column":0},"end":{"line":11,"column":0}},"11":{"start":{"line":12,"column":0},"end":{"line":12,"column":64}},"12":{"start":{"line":13,"column":0},"end":{"line":13,"column":0}},"13":{"start":{"line":14,"column":0},"end":{"line":14,"column":42}},"14":{"start":{"line":15,"column":0},"end":{"line":15,"column":37}},"15":{"start":{"line":16,"column":0},"end":{"line":16,"column":19}},"16":{"start":{"line":17,"column":0},"end":{"line":17,"column":4}},"17":{"start":{"line":18,"column":0},"end":{"line":18,"column":0}},"18":{"start":{"line":19,"column":0},"end":{"line":19,"column":9}},"19":{"start":{"line":20,"column":0},"end":{"line":20,"column":17}},"20":{"start":{"line":21,"column":0},"end":{"line":21,"column":12}},"21":{"start":{"line":22,"column":0},"end":{"line":22,"column":10}},"22":{"start":{"line":23,"column":0},"end":{"line":23,"column":12}},"23":{"start":{"line":24,"column":0},"end":{"line":24,"column":51}},"24":{"start":{"line":25,"column":0},"end":{"line":25,"column":0}},"25":{"start":{"line":26,"column":0},"end":{"line":26,"column":44}},"26":{"start":{"line":27,"column":0},"end":{"line":27,"column":33}},"27":{"start":{"line":28,"column":0},"end":{"line":28,"column":16}},"28":{"start":{"line":29,"column":0},"end":{"line":29,"column":12}},"29":{"start":{"line":30,"column":0},"end":{"line":30,"column":45}},"30":{"start":{"line":31,"column":0},"end":{"line":31,"column":19}},"31":{"start":{"line":32,"column":0},"end":{"line":32,"column":5}},"32":{"start":{"line":33,"column":0},"end":{"line":33,"column":4}},"33":{"start":{"line":34,"column":0},"end":{"line":34,"column":0}},"34":{"start":{"line":35,"column":0},"end":{"line":35,"column":10}},"35":{"start":{"line":36,"column":0},"end":{"line":36,"column":78}},"36":{"start":{"line":37,"column":0},"end":{"line":37,"column":87}},"37":{"start":{"line":38,"column":0},"end":{"line":38,"column":20}},"38":{"start":{"line":39,"column":0},"end":{"line":39,"column":50}},"39":{"start":{"line":40,"column":0},"end":{"line":40,"column":21}},"40":{"start":{"line":41,"column":0},"end":{"line":41,"column":56}},"41":{"start":{"line":42,"column":0},"end":{"line":42,"column":22}},"42":{"start":{"line":43,"column":0},"end":{"line":43,"column":14}},"43":{"start":{"line":44,"column":0},"end":{"line":44,"column":24}},"44":{"start":{"line":45,"column":0},"end":{"line":45,"column":38}},"45":{"start":{"line":46,"column":0},"end":{"line":46,"column":42}},"46":{"start":{"line":47,"column":0},"end":{"line":47,"column":26}},"47":{"start":{"line":48,"column":0},"end":{"line":48,"column":12}},"48":{"start":{"line":49,"column":0},"end":{"line":49,"column":13}},"49":{"start":{"line":50,"column":0},"end":{"line":50,"column":70}},"50":{"start":{"line":51,"column":0},"end":{"line":51,"column":10}},"51":{"start":{"line":52,"column":0},"end":{"line":52,"column":12}},"52":{"start":{"line":53,"column":0},"end":{"line":53,"column":54}},"53":{"start":{"line":54,"column":0},"end":{"line":54,"column":15}},"54":{"start":{"line":55,"column":0},"end":{"line":55,"column":53}},"55":{"start":{"line":56,"column":0},"end":{"line":56,"column":157}},"56":{"start":{"line":57,"column":0},"end":{"line":57,"column":48}},"57":{"start":{"line":58,"column":0},"end":{"line":58,"column":9}},"58":{"start":{"line":59,"column":0},"end":{"line":59,"column":16}},"59":{"start":{"line":60,"column":0},"end":{"line":60,"column":17}},"60":{"start":{"line":61,"column":0},"end":{"line":61,"column":15}},"61":{"start":{"line":62,"column":0},"end":{"line":62,"column":53}},"62":{"start":{"line":63,"column":0},"end":{"line":63,"column":157}},"63":{"start":{"line":64,"column":0},"end":{"line":64,"column":48}},"64":{"start":{"line":65,"column":0},"end":{"line":65,"column":9}},"65":{"start":{"line":66,"column":0},"end":{"line":66,"column":16}},"66":{"start":{"line":67,"column":0},"end":{"line":67,"column":17}},"67":{"start":{"line":68,"column":0},"end":{"line":68,"column":12}},"68":{"start":{"line":69,"column":0},"end":{"line":69,"column":10}},"69":{"start":{"line":70,"column":0},"end":{"line":70,"column":4}},"70":{"start":{"line":71,"column":0},"end":{"line":71,"column":2}},"71":{"start":{"line":72,"column":0},"end":{"line":72,"column":0}},"72":{"start":{"line":73,"column":0},"end":{"line":73,"column":30}}},"s":{"0":1,"1":1,"2":1,"3":1,"4":1,"5":1,"6":1,"7":7,"8":7,"9":7,"10":7,"11":7,"12":7,"13":7,"14":7,"15":7,"16":7,"17":7,"18":7,"19":7,"20":7,"21":7,"22":7,"23":7,"24":7,"25":7,"26":2,"27":1,"28":1,"29":1,"30":1,"31":1,"32":2,"33":7,"34":7,"35":7,"36":7,"37":7,"38":2,"39":5,"40":1,"41":4,"42":3,"43":3,"44":3,"45":3,"46":3,"47":3,"48":1,"49":1,"50":7,"51":7,"52":7,"53":7,"54":7,"55":7,"56":7,"57":7,"58":7,"59":7,"60":7,"61":7,"62":7,"63":7,"64":7,"65":7,"66":7,"67":7,"68":7,"69":7,"70":7,"71":1,"72":1},"branchMap":{"0":{"type":"branch","line":7,"loc":{"start":{"line":7,"column":23},"end":{"line":71,"column":2}},"locations":[{"start":{"line":7,"column":23},"end":{"line":71,"column":2}}]},"1":{"type":"branch","line":12,"loc":{"start":{"line":12,"column":34},"end":{"line":12,"column":58}},"locations":[{"start":{"line":12,"column":34},"end":{"line":12,"column":58}}]},"2":{"type":"branch","line":38,"loc":{"start":{"line":38,"column":9},"end":{"line":39,"column":50}},"locations":[{"start":{"line":38,"column":9},"end":{"line":39,"column":50}}]},"3":{"type":"branch","line":39,"loc":{"start":{"line":39,"column":46},"end":{"line":50,"column":70}},"locations":[{"start":{"line":39,"column":46},"end":{"line":50,"column":70}}]},"4":{"type":"branch","line":40,"loc":{"start":{"line":40,"column":12},"end":{"line":41,"column":56}},"locations":[{"start":{"line":40,"column":12},"end":{"line":41,"column":56}}]},"5":{"type":"branch","line":41,"loc":{"start":{"line":41,"column":52},"end":{"line":50,"column":70}},"locations":[{"start":{"line":41,"column":52},"end":{"line":50,"column":70}}]},"6":{"type":"branch","line":42,"loc":{"start":{"line":42,"column":12},"end":{"line":48,"column":12}},"locations":[{"start":{"line":42,"column":12},"end":{"line":48,"column":12}}]},"7":{"type":"branch","line":48,"loc":{"start":{"line":48,"column":10},"end":{"line":50,"column":70}},"locations":[{"start":{"line":48,"column":10},"end":{"line":50,"column":70}}]},"8":{"type":"branch","line":57,"loc":{"start":{"line":57,"column":20},"end":{"line":57,"column":40}},"locations":[{"start":{"line":57,"column":20},"end":{"line":57,"column":40}}]},"9":{"type":"branch","line":57,"loc":{"start":{"line":57,"column":31},"end":{"line":57,"column":48}},"locations":[{"start":{"line":57,"column":31},"end":{"line":57,"column":48}}]},"10":{"type":"branch","line":64,"loc":{"start":{"line":64,"column":20},"end":{"line":64,"column":40}},"locations":[{"start":{"line":64,"column":20},"end":{"line":64,"column":40}}]},"11":{"type":"branch","line":64,"loc":{"start":{"line":64,"column":31},"end":{"line":64,"column":48}},"locations":[{"start":{"line":64,"column":31},"end":{"line":64,"column":48}}]},"12":{"type":"branch","line":9,"loc":{"start":{"line":9,"column":28},"end":{"line":9,"column":64}},"locations":[{"start":{"line":9,"column":28},"end":{"line":9,"column":64}}]},"13":{"type":"branch","line":10,"loc":{"start":{"line":10,"column":34},"end":{"line":10,"column":76}},"locations":[{"start":{"line":10,"column":34},"end":{"line":10,"column":76}}]},"14":{"type":"branch","line":26,"loc":{"start":{"line":26,"column":28},"end":{"line":33,"column":4}},"locations":[{"start":{"line":26,"column":28},"end":{"line":33,"column":4}}]},"15":{"type":"branch","line":27,"loc":{"start":{"line":27,"column":32},"end":{"line":32,"column":5}},"locations":[{"start":{"line":27,"column":32},"end":{"line":32,"column":5}}]},"16":{"type":"branch","line":55,"loc":{"start":{"line":55,"column":19},"end":{"line":55,"column":53}},"locations":[{"start":{"line":55,"column":19},"end":{"line":55,"column":53}}]},"17":{"type":"branch","line":62,"loc":{"start":{"line":62,"column":19},"end":{"line":62,"column":53}},"locations":[{"start":{"line":62,"column":19},"end":{"line":62,"column":53}}]}},"b":{"0":[7],"1":[0],"2":[2],"3":[5],"4":[1],"5":[4],"6":[3],"7":[1],"8":[5],"9":[4],"10":[5],"11":[4],"12":[14],"13":[14],"14":[2],"15":[1],"16":[1],"17":[1]},"fnMap":{"0":{"name":"ImageDiscovery","decl":{"start":{"line":7,"column":23},"end":{"line":71,"column":2}},"loc":{"start":{"line":7,"column":23},"end":{"line":71,"column":2}},"line":7},"1":{"name":"handleImageSelect","decl":{"start":{"line":26,"column":28},"end":{"line":33,"column":4}},"loc":{"start":{"line":26,"column":28},"end":{"line":33,"column":4}},"line":26},"2":{"name":"onClick","decl":{"start":{"line":55,"column":19},"end":{"line":55,"column":53}},"loc":{"start":{"line":55,"column":19},"end":{"line":55,"column":53}},"line":55},"3":{"name":"onClick","decl":{"start":{"line":62,"column":19},"end":{"line":62,"column":53}},"loc":{"start":{"line":62,"column":19},"end":{"line":62,"column":53}},"line":62}},"f":{"0":7,"1":2,"2":1,"3":1}}
,"C:\\Users\\visha\\OneDrive\\Desktop\\Frontend Development 2024\\Image Finder\\src\\components\\MultiStepForm.jsx": {"path":"C:\\Users\\visha\\OneDrive\\Desktop\\Frontend Development 2024\\Image Finder\\src\\components\\MultiStepForm.jsx","all":false,"statementMap":{"0":{"start":{"line":1,"column":0},"end":{"line":1,"column":49}},"1":{"start":{"line":2,"column":0},"end":{"line":2,"column":0}},"2":{"start":{"line":3,"column":0},"end":{"line":3,"column":46}},"3":{"start":{"line":4,"column":0},"end":{"line":4,"column":52}},"4":{"start":{"line":5,"column":0},"end":{"line":5,"column":42}},"5":{"start":{"line":6,"column":0},"end":{"line":6,"column":0}},"6":{"start":{"line":7,"column":0},"end":{"line":7,"column":32}},"7":{"start":{"line":8,"column":0},"end":{"line":8,"column":49}},"8":{"start":{"line":9,"column":0},"end":{"line":9,"column":49}},"9":{"start":{"line":10,"column":0},"end":{"line":10,"column":5}},"10":{"start":{"line":11,"column":0},"end":{"line":11,"column":4}},"11":{"start":{"line":12,"column":0},"end":{"line":12,"column":0}},"12":{"start":{"line":13,"column":0},"end":{"line":13,"column":32}},"13":{"start":{"line":14,"column":0},"end":{"line":14,"column":31}},"14":{"start":{"line":15,"column":0},"end":{"line":15,"column":49}},"15":{"start":{"line":16,"column":0},"end":{"line":16,"column":5}},"16":{"start":{"line":17,"column":0},"end":{"line":17,"column":4}},"17":{"start":{"line":18,"column":0},"end":{"line":18,"column":0}},"18":{"start":{"line":19,"column":0},"end":{"line":19,"column":40}},"19":{"start":{"line":20,"column":0},"end":{"line":20,"column":26}},"20":{"start":{"line":21,"column":0},"end":{"line":21,"column":4}},"21":{"start":{"line":22,"column":0},"end":{"line":22,"column":0}},"22":{"start":{"line":23,"column":0},"end":{"line":23,"column":40}},"23":{"start":{"line":24,"column":0},"end":{"line":24,"column":50}},"24":{"start":{"line":25,"column":0},"end":{"line":25,"column":20}},"25":{"start":{"line":26,"column":0},"end":{"line":26,"column":0}},"26":{"start":{"line":27,"column":0},"end":{"line":27,"column":10}},"27":{"start":{"line":28,"column":0},"end":{"line":28,"column":129}},"28":{"start":{"line":29,"column":0},"end":{"line":29,"column":81}},"29":{"start":{"line":30,"column":0},"end":{"line":30,"column":43}},"30":{"start":{"line":31,"column":0},"end":{"line":31,"column":17}},"31":{"start":{"line":32,"column":0},"end":{"line":32,"column":23}},"32":{"start":{"line":33,"column":0},"end":{"line":33,"column":52}},"33":{"start":{"line":34,"column":0},"end":{"line":34,"column":97}},"34":{"start":{"line":35,"column":0},"end":{"line":35,"column":34}},"35":{"start":{"line":36,"column":0},"end":{"line":36,"column":42}},"36":{"start":{"line":37,"column":0},"end":{"line":37,"column":45}},"37":{"start":{"line":38,"column":0},"end":{"line":38,"column":15}},"38":{"start":{"line":39,"column":0},"end":{"line":39,"column":11}},"39":{"start":{"line":40,"column":0},"end":{"line":40,"column":23}},"40":{"start":{"line":41,"column":0},"end":{"line":41,"column":19}},"41":{"start":{"line":42,"column":0},"end":{"line":42,"column":11}},"42":{"start":{"line":43,"column":0},"end":{"line":43,"column":12}},"43":{"start":{"line":44,"column":0},"end":{"line":44,"column":95}},"44":{"start":{"line":45,"column":0},"end":{"line":45,"column":49}},"45":{"start":{"line":46,"column":0},"end":{"line":46,"column":36}},"46":{"start":{"line":47,"column":0},"end":{"line":47,"column":15}},"47":{"start":{"line":48,"column":0},"end":{"line":48,"column":12}},"48":{"start":{"line":49,"column":0},"end":{"line":49,"column":110}},"49":{"start":{"line":50,"column":0},"end":{"line":50,"column":57}},"50":{"start":{"line":51,"column":0},"end":{"line":51,"column":37}},"51":{"start":{"line":52,"column":0},"end":{"line":52,"column":37}},"52":{"start":{"line":53,"column":0},"end":{"line":53,"column":11}},"53":{"start":{"line":54,"column":0},"end":{"line":54,"column":12}},"54":{"start":{"line":55,"column":0},"end":{"line":55,"column":10}},"55":{"start":{"line":56,"column":0},"end":{"line":56,"column":4}},"56":{"start":{"line":57,"column":0},"end":{"line":57,"column":2}},"57":{"start":{"line":58,"column":0},"end":{"line":58,"column":0}},"58":{"start":{"line":59,"column":0},"end":{"line":59,"column":29}}},"s":{"0":1,"1":1,"2":1,"3":15,"4":15,"5":15,"6":15,"7":4,"8":4,"9":4,"10":4,"11":15,"12":15,"13":4,"14":4,"15":4,"16":4,"17":15,"18":15,"19":2,"20":2,"21":15,"22":15,"23":15,"24":15,"25":15,"26":15,"27":15,"28":15,"29":15,"30":45,"31":45,"32":45,"33":45,"34":45,"35":25,"36":20,"37":45,"38":45,"39":45,"40":45,"41":15,"42":15,"43":15,"44":15,"45":15,"46":15,"47":15,"48":15,"49":15,"50":15,"51":15,"52":15,"53":15,"54":15,"55":15,"56":15,"57":1,"58":1},"branchMap":{"0":{"type":"branch","line":3,"loc":{"start":{"line":3,"column":22},"end":{"line":57,"column":2}},"locations":[{"start":{"line":3,"column":22},"end":{"line":57,"column":2}}]},"1":{"type":"branch","line":7,"loc":{"start":{"line":7,"column":25},"end":{"line":11,"column":4}},"locations":[{"start":{"line":7,"column":25},"end":{"line":11,"column":4}}]},"2":{"type":"branch","line":9,"loc":{"start":{"line":9,"column":21},"end":{"line":9,"column":47}},"locations":[{"start":{"line":9,"column":21},"end":{"line":9,"column":47}}]},"3":{"type":"branch","line":13,"loc":{"start":{"line":13,"column":25},"end":{"line":17,"column":4}},"locations":[{"start":{"line":13,"column":25},"end":{"line":17,"column":4}}]},"4":{"type":"branch","line":15,"loc":{"start":{"line":15,"column":21},"end":{"line":15,"column":47}},"locations":[{"start":{"line":15,"column":21},"end":{"line":15,"column":47}}]},"5":{"type":"branch","line":19,"loc":{"start":{"line":19,"column":28},"end":{"line":21,"column":4}},"locations":[{"start":{"line":19,"column":28},"end":{"line":21,"column":4}}]},"6":{"type":"branch","line":23,"loc":{"start":{"line":23,"column":33},"end":{"line":25,"column":5}},"locations":[{"start":{"line":23,"column":33},"end":{"line":25,"column":5}}]},"7":{"type":"branch","line":30,"loc":{"start":{"line":30,"column":28},"end":{"line":41,"column":19}},"locations":[{"start":{"line":30,"column":28},"end":{"line":41,"column":19}}]},"8":{"type":"branch","line":35,"loc":{"start":{"line":35,"column":29},"end":{"line":36,"column":42}},"locations":[{"start":{"line":35,"column":29},"end":{"line":36,"column":42}}]},"9":{"type":"branch","line":36,"loc":{"start":{"line":36,"column":18},"end":{"line":37,"column":45}},"locations":[{"start":{"line":36,"column":18},"end":{"line":37,"column":45}}]},"10":{"type":"branch","line":33,"loc":{"start":{"line":33,"column":21},"end":{"line":33,"column":52}},"locations":[{"start":{"line":33,"column":21},"end":{"line":33,"column":52}}]}},"b":{"0":[15],"1":[4],"2":[4],"3":[4],"4":[4],"5":[2],"6":[15],"7":[45],"8":[25],"9":[20],"10":[2]},"fnMap":{"0":{"name":"MultiStepForm","decl":{"start":{"line":3,"column":22},"end":{"line":57,"column":2}},"loc":{"start":{"line":3,"column":22},"end":{"line":57,"column":2}},"line":3},"1":{"name":"handleNextStep","decl":{"start":{"line":7,"column":25},"end":{"line":11,"column":4}},"loc":{"start":{"line":7,"column":25},"end":{"line":11,"column":4}},"line":7},"2":{"name":"handlePrevStep","decl":{"start":{"line":13,"column":25},"end":{"line":17,"column":4}},"loc":{"start":{"line":13,"column":25},"end":{"line":17,"column":4}},"line":13},"3":{"name":"handleCurrentStep","decl":{"start":{"line":19,"column":28},"end":{"line":21,"column":4}},"loc":{"start":{"line":19,"column":28},"end":{"line":21,"column":4}},"line":19},"4":{"name":"onClick","decl":{"start":{"line":33,"column":21},"end":{"line":33,"column":52}},"loc":{"start":{"line":33,"column":21},"end":{"line":33,"column":52}},"line":33}},"f":{"0":15,"1":4,"2":4,"3":2,"4":2}}
,"C:\\Users\\visha\\OneDrive\\Desktop\\Frontend Development 2024\\Image Finder\\src\\components\\Navbar.jsx": {"path":"C:\\Users\\visha\\OneDrive\\Desktop\\Frontend Development 2024\\Image Finder\\src\\components\\Navbar.jsx","all":false,"statementMap":{"0":{"start":{"line":1,"column":0},"end":{"line":1,"column":22}},"1":{"start":{"line":2,"column":0},"end":{"line":2,"column":10}},"2":{"start":{"line":3,"column":0},"end":{"line":3,"column":64}},"3":{"start":{"line":4,"column":0},"end":{"line":4,"column":76}},"4":{"start":{"line":5,"column":0},"end":{"line":5,"column":10}},"5":{"start":{"line":6,"column":0},"end":{"line":6,"column":4}},"6":{"start":{"line":7,"column":0},"end":{"line":7,"column":2}},"7":{"start":{"line":8,"column":0},"end":{"line":8,"column":0}},"8":{"start":{"line":9,"column":0},"end":{"line":9,"column":22}}},"s":{"0":1,"1":3,"2":3,"3":3,"4":3,"5":3,"6":3,"7":1,"8":1},"branchMap":{"0":{"type":"branch","line":1,"loc":{"start":{"line":1,"column":15},"end":{"line":7,"column":2}},"locations":[{"start":{"line":1,"column":15},"end":{"line":7,"column":2}}]}},"b":{"0":[3]},"fnMap":{"0":{"name":"Navbar","decl":{"start":{"line":1,"column":15},"end":{"line":7,"column":2}},"loc":{"start":{"line":1,"column":15},"end":{"line":7,"column":2}},"line":1}},"f":{"0":3}}
,"C:\\Users\\visha\\OneDrive\\Desktop\\Frontend Development 2024\\Image Finder\\src\\components\\UserInfoForm.jsx": {"path":"C:\\Users\\visha\\OneDrive\\Desktop\\Frontend Development 2024\\Image Finder\\src\\components\\UserInfoForm.jsx","all":false,"statementMap":{"0":{"start":{"line":1,"column":0},"end":{"line":1,"column":40}},"1":{"start":{"line":2,"column":0},"end":{"line":2,"column":55}},"2":{"start":{"line":3,"column":0},"end":{"line":3,"column":60}},"3":{"start":{"line":4,"column":0},"end":{"line":4,"column":0}},"4":{"start":{"line":5,"column":0},"end":{"line":5,"column":42}},"5":{"start":{"line":6,"column":0},"end":{"line":6,"column":33}},"6":{"start":{"line":7,"column":0},"end":{"line":7,"column":69}},"7":{"start":{"line":8,"column":0},"end":{"line":8,"column":0}},"8":{"start":{"line":9,"column":0},"end":{"line":9,"column":52}},"9":{"start":{"line":10,"column":0},"end":{"line":10,"column":17}},"10":{"start":{"line":11,"column":0},"end":{"line":11,"column":16}},"11":{"start":{"line":12,"column":0},"end":{"line":12,"column":14}},"12":{"start":{"line":13,"column":0},"end":{"line":13,"column":20}},"13":{"start":{"line":14,"column":0},"end":{"line":14,"column":5}},"14":{"start":{"line":15,"column":0},"end":{"line":15,"column":43}},"15":{"start":{"line":16,"column":0},"end":{"line":16,"column":0}},"16":{"start":{"line":17,"column":0},"end":{"line":17,"column":18}},"17":{"start":{"line":18,"column":0},"end":{"line":18,"column":25}},"18":{"start":{"line":19,"column":0},"end":{"line":19,"column":34}},"19":{"start":{"line":20,"column":0},"end":{"line":20,"column":23}},"20":{"start":{"line":21,"column":0},"end":{"line":21,"column":48}},"21":{"start":{"line":22,"column":0},"end":{"line":22,"column":46}},"22":{"start":{"line":23,"column":0},"end":{"line":23,"column":42}},"23":{"start":{"line":24,"column":0},"end":{"line":24,"column":54}},"24":{"start":{"line":25,"column":0},"end":{"line":25,"column":9}},"25":{"start":{"line":26,"column":0},"end":{"line":26,"column":5}},"26":{"start":{"line":27,"column":0},"end":{"line":27,"column":23}},"27":{"start":{"line":28,"column":0},"end":{"line":28,"column":0}},"28":{"start":{"line":29,"column":0},"end":{"line":29,"column":61}},"29":{"start":{"line":30,"column":0},"end":{"line":30,"column":73}},"30":{"start":{"line":31,"column":0},"end":{"line":31,"column":49}},"31":{"start":{"line":32,"column":0},"end":{"line":32,"column":4}},"32":{"start":{"line":33,"column":0},"end":{"line":33,"column":0}},"33":{"start":{"line":34,"column":0},"end":{"line":34,"column":26}},"34":{"start":{"line":35,"column":0},"end":{"line":35,"column":25}},"35":{"start":{"line":36,"column":0},"end":{"line":36,"column":72}},"36":{"start":{"line":37,"column":0},"end":{"line":37,"column":73}},"37":{"start":{"line":38,"column":0},"end":{"line":38,"column":67}},"38":{"start":{"line":39,"column":0},"end":{"line":39,"column":68}},"39":{"start":{"line":40,"column":0},"end":{"line":40,"column":57}},"40":{"start":{"line":41,"column":0},"end":{"line":41,"column":21}},"41":{"start":{"line":42,"column":0},"end":{"line":42,"column":4}},"42":{"start":{"line":43,"column":0},"end":{"line":43,"column":0}},"43":{"start":{"line":44,"column":0},"end":{"line":44,"column":35}},"44":{"start":{"line":45,"column":0},"end":{"line":45,"column":23}},"45":{"start":{"line":46,"column":0},"end":{"line":46,"column":40}},"46":{"start":{"line":47,"column":0},"end":{"line":47,"column":53}},"47":{"start":{"line":48,"column":0},"end":{"line":48,"column":42}},"48":{"start":{"line":49,"column":0},"end":{"line":49,"column":19}},"49":{"start":{"line":50,"column":0},"end":{"line":50,"column":12}},"50":{"start":{"line":51,"column":0},"end":{"line":51,"column":34}},"51":{"start":{"line":52,"column":0},"end":{"line":52,"column":5}},"52":{"start":{"line":53,"column":0},"end":{"line":53,"column":4}},"53":{"start":{"line":54,"column":0},"end":{"line":54,"column":0}},"54":{"start":{"line":55,"column":0},"end":{"line":55,"column":10}},"55":{"start":{"line":56,"column":0},"end":{"line":56,"column":9}},"56":{"start":{"line":57,"column":0},"end":{"line":57,"column":33}},"57":{"start":{"line":58,"column":0},"end":{"line":58,"column":121}},"58":{"start":{"line":59,"column":0},"end":{"line":59,"column":5}},"59":{"start":{"line":60,"column":0},"end":{"line":60,"column":58}},"60":{"start":{"line":61,"column":0},"end":{"line":61,"column":57}},"61":{"start":{"line":62,"column":0},"end":{"line":62,"column":14}},"62":{"start":{"line":63,"column":0},"end":{"line":63,"column":23}},"63":{"start":{"line":64,"column":0},"end":{"line":64,"column":38}},"64":{"start":{"line":65,"column":0},"end":{"line":65,"column":21}},"65":{"start":{"line":66,"column":0},"end":{"line":66,"column":25}},"66":{"start":{"line":67,"column":0},"end":{"line":67,"column":28}},"67":{"start":{"line":68,"column":0},"end":{"line":68,"column":39}},"68":{"start":{"line":69,"column":0},"end":{"line":69,"column":74}},"69":{"start":{"line":70,"column":0},"end":{"line":70,"column":140}},"70":{"start":{"line":71,"column":0},"end":{"line":71,"column":10}},"71":{"start":{"line":72,"column":0},"end":{"line":72,"column":29}},"72":{"start":{"line":73,"column":0},"end":{"line":73,"column":70}},"73":{"start":{"line":74,"column":0},"end":{"line":74,"column":10}},"74":{"start":{"line":75,"column":0},"end":{"line":75,"column":14}},"75":{"start":{"line":76,"column":0},"end":{"line":76,"column":0}},"76":{"start":{"line":77,"column":0},"end":{"line":77,"column":57}},"77":{"start":{"line":78,"column":0},"end":{"line":78,"column":60}},"78":{"start":{"line":79,"column":0},"end":{"line":79,"column":14}},"79":{"start":{"line":80,"column":0},"end":{"line":80,"column":21}},"80":{"start":{"line":81,"column":0},"end":{"line":81,"column":22}},"81":{"start":{"line":82,"column":0},"end":{"line":82,"column":24}},"82":{"start":{"line":83,"column":0},"end":{"line":83,"column":31}},"83":{"start":{"line":84,"column":0},"end":{"line":84,"column":38}},"84":{"start":{"line":85,"column":0},"end":{"line":85,"column":74}},"85":{"start":{"line":86,"column":0},"end":{"line":86,"column":140}},"86":{"start":{"line":87,"column":0},"end":{"line":87,"column":10}},"87":{"start":{"line":88,"column":0},"end":{"line":88,"column":28}},"88":{"start":{"line":89,"column":0},"end":{"line":89,"column":69}},"89":{"start":{"line":90,"column":0},"end":{"line":90,"column":10}},"90":{"start":{"line":91,"column":0},"end":{"line":91,"column":14}},"91":{"start":{"line":92,"column":0},"end":{"line":92,"column":0}},"92":{"start":{"line":93,"column":0},"end":{"line":93,"column":55}},"93":{"start":{"line":94,"column":0},"end":{"line":94,"column":68}},"94":{"start":{"line":95,"column":0},"end":{"line":95,"column":15}},"95":{"start":{"line":96,"column":0},"end":{"line":96,"column":20}},"96":{"start":{"line":97,"column":0},"end":{"line":97,"column":22}},"97":{"start":{"line":98,"column":0},"end":{"line":98,"column":36}},"98":{"start":{"line":99,"column":0},"end":{"line":99,"column":74}},"99":{"start":{"line":100,"column":0},"end":{"line":100,"column":140}},"100":{"start":{"line":101,"column":0},"end":{"line":101,"column":9}},"101":{"start":{"line":102,"column":0},"end":{"line":102,"column":50}},"102":{"start":{"line":103,"column":0},"end":{"line":103,"column":48}},"103":{"start":{"line":104,"column":0},"end":{"line":104,"column":44}},"104":{"start":{"line":105,"column":0},"end":{"line":105,"column":52}},"105":{"start":{"line":106,"column":0},"end":{"line":106,"column":56}},"106":{"start":{"line":107,"column":0},"end":{"line":107,"column":46}},"107":{"start":{"line":108,"column":0},"end":{"line":108,"column":17}},"108":{"start":{"line":109,"column":0},"end":{"line":109,"column":78}},"109":{"start":{"line":110,"column":0},"end":{"line":110,"column":14}},"110":{"start":{"line":111,"column":0},"end":{"line":111,"column":0}},"111":{"start":{"line":112,"column":0},"end":{"line":112,"column":42}},"112":{"start":{"line":113,"column":0},"end":{"line":113,"column":63}},"113":{"start":{"line":114,"column":0},"end":{"line":114,"column":67}},"114":{"start":{"line":115,"column":0},"end":{"line":115,"column":16}},"115":{"start":{"line":116,"column":0},"end":{"line":116,"column":28}},"116":{"start":{"line":117,"column":0},"end":{"line":117,"column":23}},"117":{"start":{"line":118,"column":0},"end":{"line":118,"column":30}},"118":{"start":{"line":119,"column":0},"end":{"line":119,"column":38}},"119":{"start":{"line":120,"column":0},"end":{"line":120,"column":44}},"120":{"start":{"line":121,"column":0},"end":{"line":121,"column":76}},"121":{"start":{"line":122,"column":0},"end":{"line":122,"column":142}},"122":{"start":{"line":123,"column":0},"end":{"line":123,"column":12}},"123":{"start":{"line":124,"column":0},"end":{"line":124,"column":34}},"124":{"start":{"line":125,"column":0},"end":{"line":125,"column":70}},"125":{"start":{"line":126,"column":0},"end":{"line":126,"column":12}},"126":{"start":{"line":127,"column":0},"end":{"line":127,"column":16}},"127":{"start":{"line":128,"column":0},"end":{"line":128,"column":8}},"128":{"start":{"line":129,"column":0},"end":{"line":129,"column":0}},"129":{"start":{"line":130,"column":0},"end":{"line":130,"column":13}},"130":{"start":{"line":131,"column":0},"end":{"line":131,"column":21}},"131":{"start":{"line":132,"column":0},"end":{"line":132,"column":155}},"132":{"start":{"line":133,"column":0},"end":{"line":133,"column":7}},"133":{"start":{"line":134,"column":0},"end":{"line":134,"column":14}},"134":{"start":{"line":135,"column":0},"end":{"line":135,"column":15}},"135":{"start":{"line":136,"column":0},"end":{"line":136,"column":11}},"136":{"start":{"line":137,"column":0},"end":{"line":137,"column":4}},"137":{"start":{"line":138,"column":0},"end":{"line":138,"column":2}},"138":{"start":{"line":139,"column":0},"end":{"line":139,"column":0}},"139":{"start":{"line":140,"column":0},"end":{"line":140,"column":28}}},"s":{"0":1,"1":1,"2":1,"3":1,"4":1,"5":21,"6":21,"7":21,"8":21,"9":21,"10":21,"11":21,"12":21,"13":21,"14":21,"15":21,"16":21,"17":6,"18":6,"19":6,"20":6,"21":6,"22":6,"23":6,"24":6,"25":6,"26":21,"27":21,"28":21,"29":8,"30":8,"31":8,"32":21,"33":21,"34":3,"35":3,"36":3,"37":3,"38":3,"39":3,"40":3,"41":3,"42":21,"43":21,"44":3,"45":3,"46":3,"47":2,"48":2,"49":3,"50":1,"51":1,"52":3,"53":21,"54":21,"55":21,"56":21,"57":21,"58":21,"59":21,"60":21,"61":21,"62":21,"63":21,"64":21,"65":21,"66":21,"67":21,"68":21,"69":21,"70":21,"71":21,"72":1,"73":21,"74":21,"75":21,"76":21,"77":21,"78":21,"79":21,"80":21,"81":21,"82":21,"83":21,"84":21,"85":21,"86":21,"87":21,"88":1,"89":21,"90":21,"91":21,"92":21,"93":21,"94":21,"95":21,"96":21,"97":21,"98":21,"99":21,"100":21,"101":21,"102":21,"103":21,"104":21,"105":21,"106":21,"107":21,"108":21,"109":21,"110":21,"111":21,"112":3,"113":3,"114":3,"115":3,"116":3,"117":3,"118":3,"119":3,"120":3,"121":3,"122":3,"123":3,"124":0,"125":3,"126":3,"127":21,"128":21,"129":21,"130":21,"131":21,"132":21,"133":21,"134":21,"135":21,"136":21,"137":21,"138":1,"139":1},"branchMap":{"0":{"type":"branch","line":5,"loc":{"start":{"line":5,"column":21},"end":{"line":138,"column":2}},"locations":[{"start":{"line":5,"column":21},"end":{"line":138,"column":2}}]},"1":{"type":"branch","line":72,"loc":{"start":{"line":72,"column":16},"end":{"line":73,"column":70}},"locations":[{"start":{"line":72,"column":16},"end":{"line":73,"column":70}}]},"2":{"type":"branch","line":88,"loc":{"start":{"line":88,"column":16},"end":{"line":89,"column":69}},"locations":[{"start":{"line":88,"column":16},"end":{"line":89,"column":69}}]},"3":{"type":"branch","line":109,"loc":{"start":{"line":109,"column":16},"end":{"line":109,"column":78}},"locations":[{"start":{"line":109,"column":16},"end":{"line":109,"column":78}}]},"4":{"type":"branch","line":112,"loc":{"start":{"line":112,"column":30},"end":{"line":127,"column":16}},"locations":[{"start":{"line":112,"column":30},"end":{"line":127,"column":16}}]},"5":{"type":"branch","line":124,"loc":{"start":{"line":124,"column":18},"end":{"line":125,"column":70}},"locations":[{"start":{"line":124,"column":18},"end":{"line":125,"column":70}}]},"6":{"type":"branch","line":7,"loc":{"start":{"line":7,"column":37},"end":{"line":7,"column":67}},"locations":[{"start":{"line":7,"column":37},"end":{"line":7,"column":67}}]},"7":{"type":"branch","line":17,"loc":{"start":{"line":17,"column":11},"end":{"line":27,"column":5}},"locations":[{"start":{"line":17,"column":11},"end":{"line":27,"column":5}}]},"8":{"type":"branch","line":29,"loc":{"start":{"line":29,"column":26},"end":{"line":32,"column":4}},"locations":[{"start":{"line":29,"column":26},"end":{"line":32,"column":4}}]},"9":{"type":"branch","line":34,"loc":{"start":{"line":34,"column":19},"end":{"line":42,"column":4}},"locations":[{"start":{"line":34,"column":19},"end":{"line":42,"column":4}}]},"10":{"type":"branch","line":36,"loc":{"start":{"line":36,"column":32},"end":{"line":36,"column":72}},"locations":[{"start":{"line":36,"column":32},"end":{"line":36,"column":72}}]},"11":{"type":"branch","line":37,"loc":{"start":{"line":37,"column":31},"end":{"line":37,"column":73}},"locations":[{"start":{"line":37,"column":31},"end":{"line":37,"column":73}}]},"12":{"type":"branch","line":38,"loc":{"start":{"line":38,"column":29},"end":{"line":38,"column":67}},"locations":[{"start":{"line":38,"column":29},"end":{"line":38,"column":67}}]},"13":{"type":"branch","line":39,"loc":{"start":{"line":39,"column":31},"end":{"line":39,"column":68}},"locations":[{"start":{"line":39,"column":31},"end":{"line":39,"column":68}}]},"14":{"type":"branch","line":40,"loc":{"start":{"line":40,"column":6},"end":{"line":40,"column":57}},"locations":[{"start":{"line":40,"column":6},"end":{"line":40,"column":57}}]},"15":{"type":"branch","line":44,"loc":{"start":{"line":44,"column":27},"end":{"line":53,"column":4}},"locations":[{"start":{"line":44,"column":27},"end":{"line":53,"column":4}}]},"16":{"type":"branch","line":47,"loc":{"start":{"line":47,"column":52},"end":{"line":50,"column":11}},"locations":[{"start":{"line":47,"column":52},"end":{"line":50,"column":11}}]},"17":{"type":"branch","line":50,"loc":{"start":{"line":50,"column":4},"end":{"line":52,"column":5}},"locations":[{"start":{"line":50,"column":4},"end":{"line":52,"column":5}}]},"18":{"type":"branch","line":69,"loc":{"start":{"line":69,"column":20},"end":{"line":69,"column":74}},"locations":[{"start":{"line":69,"column":20},"end":{"line":69,"column":74}}]},"19":{"type":"branch","line":85,"loc":{"start":{"line":85,"column":20},"end":{"line":85,"column":74}},"locations":[{"start":{"line":85,"column":20},"end":{"line":85,"column":74}}]},"20":{"type":"branch","line":99,"loc":{"start":{"line":99,"column":20},"end":{"line":99,"column":74}},"locations":[{"start":{"line":99,"column":20},"end":{"line":99,"column":74}}]},"21":{"type":"branch","line":121,"loc":{"start":{"line":121,"column":22},"end":{"line":121,"column":76}},"locations":[{"start":{"line":121,"column":22},"end":{"line":121,"column":76}}]}},"b":{"0":[21],"1":[1],"2":[1],"3":[1],"4":[3],"5":[0],"6":[27],"7":[6],"8":[8],"9":[3],"10":[1],"11":[1],"12":[1],"13":[1],"14":[0],"15":[3],"16":[2],"17":[1],"18":[2],"19":[2],"20":[3],"21":[1]},"fnMap":{"0":{"name":"UserInfoForm","decl":{"start":{"line":5,"column":21},"end":{"line":138,"column":2}},"loc":{"start":{"line":5,"column":21},"end":{"line":138,"column":2}},"line":5},"1":{"name":"handleFormInput","decl":{"start":{"line":29,"column":26},"end":{"line":32,"column":4}},"loc":{"start":{"line":29,"column":26},"end":{"line":32,"column":4}},"line":29},"2":{"name":"validate","decl":{"start":{"line":34,"column":19},"end":{"line":42,"column":4}},"loc":{"start":{"line":34,"column":19},"end":{"line":42,"column":4}},"line":34},"3":{"name":"handleFormSubmit","decl":{"start":{"line":44,"column":27},"end":{"line":53,"column":4}},"loc":{"start":{"line":44,"column":27},"end":{"line":53,"column":4}},"line":44},"4":{"name":"onChange","decl":{"start":{"line":69,"column":20},"end":{"line":69,"column":74}},"loc":{"start":{"line":69,"column":20},"end":{"line":69,"column":74}},"line":69},"5":{"name":"onChange","decl":{"start":{"line":85,"column":20},"end":{"line":85,"column":74}},"loc":{"start":{"line":85,"column":20},"end":{"line":85,"column":74}},"line":85},"6":{"name":"onChange","decl":{"start":{"line":99,"column":20},"end":{"line":99,"column":74}},"loc":{"start":{"line":99,"column":20},"end":{"line":99,"column":74}},"line":99},"7":{"name":"onChange","decl":{"start":{"line":121,"column":22},"end":{"line":121,"column":76}},"loc":{"start":{"line":121,"column":22},"end":{"line":121,"column":76}},"line":121}},"f":{"0":21,"1":8,"2":3,"3":3,"4":2,"5":2,"6":3,"7":1}}
,"C:\\Users\\visha\\OneDrive\\Desktop\\Frontend Development 2024\\Image Finder\\src\\components\\UserProfleCard.jsx": {"path":"C:\\Users\\visha\\OneDrive\\Desktop\\Frontend Development 2024\\Image Finder\\src\\components\\UserProfleCard.jsx","all":false,"statementMap":{"0":{"start":{"line":1,"column":0},"end":{"line":1,"column":26}},"1":{"start":{"line":2,"column":0},"end":{"line":2,"column":42}},"2":{"start":{"line":3,"column":0},"end":{"line":3,"column":0}},"3":{"start":{"line":4,"column":0},"end":{"line":4,"column":30}},"4":{"start":{"line":5,"column":0},"end":{"line":5,"column":63}},"5":{"start":{"line":6,"column":0},"end":{"line":6,"column":76}},"6":{"start":{"line":7,"column":0},"end":{"line":7,"column":0}},"7":{"start":{"line":8,"column":0},"end":{"line":8,"column":64}},"8":{"start":{"line":9,"column":0},"end":{"line":9,"column":0}},"9":{"start":{"line":10,"column":0},"end":{"line":10,"column":10}},"10":{"start":{"line":11,"column":0},"end":{"line":11,"column":74}},"11":{"start":{"line":12,"column":0},"end":{"line":12,"column":24}},"12":{"start":{"line":13,"column":0},"end":{"line":13,"column":66}},"13":{"start":{"line":14,"column":0},"end":{"line":14,"column":11}},"14":{"start":{"line":15,"column":0},"end":{"line":15,"column":45}},"15":{"start":{"line":16,"column":0},"end":{"line":16,"column":8}},"16":{"start":{"line":17,"column":0},"end":{"line":17,"column":55}},"17":{"start":{"line":18,"column":0},"end":{"line":18,"column":11}},"18":{"start":{"line":19,"column":0},"end":{"line":19,"column":73}},"19":{"start":{"line":20,"column":0},"end":{"line":20,"column":12}},"20":{"start":{"line":21,"column":0},"end":{"line":21,"column":11}},"21":{"start":{"line":22,"column":0},"end":{"line":22,"column":74}},"22":{"start":{"line":23,"column":0},"end":{"line":23,"column":12}},"23":{"start":{"line":24,"column":0},"end":{"line":24,"column":12}},"24":{"start":{"line":25,"column":0},"end":{"line":25,"column":10}},"25":{"start":{"line":26,"column":0},"end":{"line":26,"column":4}},"26":{"start":{"line":27,"column":0},"end":{"line":27,"column":2}},"27":{"start":{"line":28,"column":0},"end":{"line":28,"column":0}},"28":{"start":{"line":29,"column":0},"end":{"line":29,"column":30}}},"s":{"0":1,"1":1,"2":1,"3":1,"4":4,"5":4,"6":4,"7":4,"8":4,"9":4,"10":4,"11":4,"12":1,"13":3,"14":3,"15":4,"16":4,"17":4,"18":4,"19":4,"20":4,"21":4,"22":4,"23":4,"24":4,"25":4,"26":4,"27":1,"28":1},"branchMap":{"0":{"type":"branch","line":4,"loc":{"start":{"line":4,"column":23},"end":{"line":27,"column":2}},"locations":[{"start":{"line":4,"column":23},"end":{"line":27,"column":2}}]},"1":{"type":"branch","line":8,"loc":{"start":{"line":8,"column":34},"end":{"line":8,"column":58}},"locations":[{"start":{"line":8,"column":34},"end":{"line":8,"column":58}}]},"2":{"type":"branch","line":12,"loc":{"start":{"line":12,"column":7},"end":{"line":13,"column":66}},"locations":[{"start":{"line":12,"column":7},"end":{"line":13,"column":66}}]},"3":{"type":"branch","line":13,"loc":{"start":{"line":13,"column":64},"end":{"line":15,"column":45}},"locations":[{"start":{"line":13,"column":64},"end":{"line":15,"column":45}}]},"4":{"type":"branch","line":19,"loc":{"start":{"line":19,"column":45},"end":{"line":19,"column":66}},"locations":[{"start":{"line":19,"column":45},"end":{"line":19,"column":66}}]},"5":{"type":"branch","line":22,"loc":{"start":{"line":22,"column":48},"end":{"line":22,"column":67}},"locations":[{"start":{"line":22,"column":48},"end":{"line":22,"column":67}}]},"6":{"type":"branch","line":5,"loc":{"start":{"line":5,"column":31},"end":{"line":5,"column":61}},"locations":[{"start":{"line":5,"column":31},"end":{"line":5,"column":61}}]}},"b":{"0":[4],"1":[0],"2":[1],"3":[3],"4":[2],"5":[2],"6":[8]},"fnMap":{"0":{"name":"UserProfleCard","decl":{"start":{"line":4,"column":23},"end":{"line":27,"column":2}},"loc":{"start":{"line":4,"column":23},"end":{"line":27,"column":2}},"line":4}},"f":{"0":4}}
,"C:\\Users\\visha\\OneDrive\\Desktop\\Frontend Development 2024\\Image Finder\\src\\hooks\\useFetch.js": {"path":"C:\\Users\\visha\\OneDrive\\Desktop\\Frontend Development 2024\\Image Finder\\src\\hooks\\useFetch.js","all":false,"statementMap":{"0":{"start":{"line":1,"column":0},"end":{"line":1,"column":24}},"1":{"start":{"line":2,"column":0},"end":{"line":2,"column":80}},"2":{"start":{"line":3,"column":0},"end":{"line":3,"column":0}},"3":{"start":{"line":4,"column":0},"end":{"line":4,"column":52}},"4":{"start":{"line":5,"column":0},"end":{"line":5,"column":41}},"5":{"start":{"line":6,"column":0},"end":{"line":6,"column":48}},"6":{"start":{"line":7,"column":0},"end":{"line":7,"column":43}},"7":{"start":{"line":8,"column":0},"end":{"line":8,"column":0}},"8":{"start":{"line":9,"column":0},"end":{"line":9,"column":45}},"9":{"start":{"line":10,"column":0},"end":{"line":10,"column":31}},"10":{"start":{"line":11,"column":0},"end":{"line":11,"column":21}},"11":{"start":{"line":12,"column":0},"end":{"line":12,"column":18}},"12":{"start":{"line":13,"column":0},"end":{"line":13,"column":19}},"13":{"start":{"line":14,"column":0},"end":{"line":14,"column":0}},"14":{"start":{"line":15,"column":0},"end":{"line":15,"column":9}},"15":{"start":{"line":16,"column":0},"end":{"line":16,"column":43}},"16":{"start":{"line":17,"column":0},"end":{"line":17,"column":22}},"17":{"start":{"line":18,"column":0},"end":{"line":18,"column":19}},"18":{"start":{"line":19,"column":0},"end":{"line":19,"column":28}},"19":{"start":{"line":20,"column":0},"end":{"line":20,"column":15}},"20":{"start":{"line":21,"column":0},"end":{"line":21,"column":24}},"21":{"start":{"line":22,"column":0},"end":{"line":22,"column":5}},"22":{"start":{"line":23,"column":0},"end":{"line":23,"column":22}},"23":{"start":{"line":24,"column":0},"end":{"line":24,"column":0}},"24":{"start":{"line":25,"column":0},"end":{"line":25,"column":19}},"25":{"start":{"line":26,"column":0},"end":{"line":26,"column":16}},"26":{"start":{"line":27,"column":0},"end":{"line":27,"column":37}},"27":{"start":{"line":28,"column":0},"end":{"line":28,"column":0}},"28":{"start":{"line":29,"column":0},"end":{"line":29,"column":54}},"29":{"start":{"line":30,"column":0},"end":{"line":30,"column":2}},"30":{"start":{"line":31,"column":0},"end":{"line":31,"column":0}},"31":{"start":{"line":32,"column":0},"end":{"line":32,"column":24}}},"s":{"0":1,"1":1,"2":1,"3":1,"4":23,"5":23,"6":23,"7":23,"8":23,"9":7,"10":6,"11":6,"12":6,"13":6,"14":6,"15":6,"16":5,"17":7,"18":1,"19":7,"20":6,"21":6,"22":23,"23":23,"24":23,"25":6,"26":23,"27":23,"28":23,"29":23,"30":1,"31":1},"branchMap":{"0":{"type":"branch","line":4,"loc":{"start":{"line":4,"column":17},"end":{"line":30,"column":2}},"locations":[{"start":{"line":4,"column":17},"end":{"line":30,"column":2}}]},"1":{"type":"branch","line":9,"loc":{"start":{"line":9,"column":32},"end":{"line":23,"column":3}},"locations":[{"start":{"line":9,"column":32},"end":{"line":23,"column":3}}]},"2":{"type":"branch","line":10,"loc":{"start":{"line":10,"column":24},"end":{"line":10,"column":31}},"locations":[{"start":{"line":10,"column":24},"end":{"line":10,"column":31}}]},"3":{"type":"branch","line":11,"loc":{"start":{"line":11,"column":-2},"end":{"line":16,"column":43}},"locations":[{"start":{"line":11,"column":-2},"end":{"line":16,"column":43}}]},"4":{"type":"branch","line":17,"loc":{"start":{"line":17,"column":-2},"end":{"line":18,"column":6}},"locations":[{"start":{"line":17,"column":-2},"end":{"line":18,"column":6}}]},"5":{"type":"branch","line":18,"loc":{"start":{"line":18,"column":6},"end":{"line":20,"column":5}},"locations":[{"start":{"line":18,"column":6},"end":{"line":20,"column":5}}]},"6":{"type":"branch","line":20,"loc":{"start":{"line":20,"column":5},"end":{"line":22,"column":5}},"locations":[{"start":{"line":20,"column":5},"end":{"line":22,"column":5}}]},"7":{"type":"branch","line":25,"loc":{"start":{"line":25,"column":12},"end":{"line":27,"column":3}},"locations":[{"start":{"line":25,"column":12},"end":{"line":27,"column":3}}]}},"b":{"0":[23],"1":[7],"2":[1],"3":[6],"4":[5],"5":[1],"6":[6],"7":[6]},"fnMap":{"0":{"name":"useFetch","decl":{"start":{"line":4,"column":17},"end":{"line":30,"column":2}},"loc":{"start":{"line":4,"column":17},"end":{"line":30,"column":2}},"line":4}},"f":{"0":23}}
,"C:\\Users\\visha\\OneDrive\\Desktop\\Frontend Development 2024\\Image Finder\\src\\services\\unsplashImageService.js": {"path":"C:\\Users\\visha\\OneDrive\\Desktop\\Frontend Development 2024\\Image Finder\\src\\services\\unsplashImageService.js","all":false,"statementMap":{"0":{"start":{"line":1,"column":0},"end":{"line":1,"column":49}},"1":{"start":{"line":2,"column":0},"end":{"line":2,"column":0}},"2":{"start":{"line":3,"column":0},"end":{"line":3,"column":45}},"3":{"start":{"line":4,"column":0},"end":{"line":4,"column":24}},"4":{"start":{"line":5,"column":0},"end":{"line":5,"column":7}},"5":{"start":{"line":6,"column":0},"end":{"line":6,"column":37}},"6":{"start":{"line":7,"column":0},"end":{"line":7,"column":48}},"7":{"start":{"line":8,"column":0},"end":{"line":8,"column":7}},"8":{"start":{"line":9,"column":0},"end":{"line":9,"column":59}},"9":{"start":{"line":10,"column":0},"end":{"line":10,"column":18}},"10":{"start":{"line":11,"column":0},"end":{"line":11,"column":82}},"11":{"start":{"line":12,"column":0},"end":{"line":12,"column":10}},"12":{"start":{"line":13,"column":0},"end":{"line":13,"column":7}},"13":{"start":{"line":14,"column":0},"end":{"line":14,"column":6}},"14":{"start":{"line":15,"column":0},"end":{"line":15,"column":36}},"15":{"start":{"line":16,"column":0},"end":{"line":16,"column":19}},"16":{"start":{"line":17,"column":0},"end":{"line":17,"column":27}},"17":{"start":{"line":18,"column":0},"end":{"line":18,"column":3}},"18":{"start":{"line":19,"column":0},"end":{"line":19,"column":2}}},"s":{"0":1,"1":1,"2":1,"3":2,"4":2,"5":2,"6":2,"7":2,"8":2,"9":2,"10":2,"11":2,"12":2,"13":2,"14":1,"15":1,"16":1,"17":1,"18":2},"branchMap":{"0":{"type":"branch","line":3,"loc":{"start":{"line":3,"column":27},"end":{"line":19,"column":2}},"locations":[{"start":{"line":3,"column":27},"end":{"line":19,"column":2}}]},"1":{"type":"branch","line":15,"loc":{"start":{"line":15,"column":-2},"end":{"line":18,"column":3}},"locations":[{"start":{"line":15,"column":-2},"end":{"line":18,"column":3}}]}},"b":{"0":[2],"1":[1]},"fnMap":{"0":{"name":"fetchImages","decl":{"start":{"line":3,"column":27},"end":{"line":19,"column":2}},"loc":{"start":{"line":3,"column":27},"end":{"line":19,"column":2}},"line":3}},"f":{"0":2}}
,"C:\\Users\\visha\\OneDrive\\Desktop\\Frontend Development 2024\\Image Finder\\src\\store\\index.js": {"path":"C:\\Users\\visha\\OneDrive\\Desktop\\Frontend Development 2024\\Image Finder\\src\\store\\index.js","all":false,"statementMap":{"0":{"start":{"line":1,"column":0},"end":{"line":1,"column":94}},"1":{"start":{"line":2,"column":0},"end":{"line":2,"column":63}},"2":{"start":{"line":3,"column":0},"end":{"line":3,"column":0}},"3":{"start":{"line":4,"column":0},"end":{"line":4,"column":31}},"4":{"start":{"line":5,"column":0},"end":{"line":5,"column":12}},"5":{"start":{"line":6,"column":0},"end":{"line":6,"column":24}},"6":{"start":{"line":7,"column":0},"end":{"line":7,"column":4}},"7":{"start":{"line":8,"column":0},"end":{"line":8,"column":3}}},"s":{"0":1,"1":1,"2":1,"3":1,"4":1,"5":1,"6":1,"7":1},"branchMap":{},"b":{},"fnMap":{},"f":{}}
,"C:\\Users\\visha\\OneDrive\\Desktop\\Frontend Development 2024\\Image Finder\\src\\store\\slices\\userInfoSlice.js": {"path":"C:\\Users\\visha\\OneDrive\\Desktop\\Frontend Development 2024\\Image Finder\\src\\store\\slices\\userInfoSlice.js","all":false,"statementMap":{"0":{"start":{"line":1,"column":0},"end":{"line":1,"column":91}},"1":{"start":{"line":2,"column":0},"end":{"line":2,"column":0}},"2":{"start":{"line":3,"column":0},"end":{"line":3,"column":42}},"3":{"start":{"line":4,"column":0},"end":{"line":4,"column":19}},"4":{"start":{"line":5,"column":0},"end":{"line":5,"column":17}},"5":{"start":{"line":6,"column":0},"end":{"line":6,"column":17}},"6":{"start":{"line":7,"column":0},"end":{"line":7,"column":4}},"7":{"start":{"line":8,"column":0},"end":{"line":8,"column":13}},"8":{"start":{"line":9,"column":0},"end":{"line":9,"column":37}},"9":{"start":{"line":10,"column":0},"end":{"line":10,"column":38}},"10":{"start":{"line":11,"column":0},"end":{"line":11,"column":6}},"11":{"start":{"line":12,"column":0},"end":{"line":12,"column":46}},"12":{"start":{"line":13,"column":0},"end":{"line":13,"column":52}},"13":{"start":{"line":14,"column":0},"end":{"line":14,"column":6}},"14":{"start":{"line":15,"column":0},"end":{"line":15,"column":4}},"15":{"start":{"line":16,"column":0},"end":{"line":16,"column":3}},"16":{"start":{"line":17,"column":0},"end":{"line":17,"column":0}},"17":{"start":{"line":18,"column":0},"end":{"line":18,"column":75}},"18":{"start":{"line":19,"column":0},"end":{"line":19,"column":0}},"19":{"start":{"line":20,"column":0},"end":{"line":20,"column":37}}},"s":{"0":1,"1":1,"2":1,"3":1,"4":1,"5":1,"6":1,"7":1,"8":1,"9":0,"10":1,"11":1,"12":0,"13":1,"14":1,"15":1,"16":1,"17":1,"18":1,"19":1},"branchMap":{},"b":{},"fnMap":{"0":{"name":"addUserInfo","decl":{"start":{"line":9,"column":17},"end":{"line":11,"column":5}},"loc":{"start":{"line":9,"column":17},"end":{"line":11,"column":5}},"line":9},"1":{"name":"addUserSelectedImage","decl":{"start":{"line":12,"column":26},"end":{"line":14,"column":5}},"loc":{"start":{"line":12,"column":26},"end":{"line":14,"column":5}},"line":12}},"f":{"0":0,"1":0}}
}
